
SQL*Loader: Release 11.2.0.1.0 - Production on Mon Sep 25 12:51:59 2017

Copyright (c) 1982, 2009, Oracle and/or its affiliates.  All rights reserved.

Control File:   C:\meta\JIRA-567\CONDR_IDSEQ_CONCEPT_CODE.ctl
Data File:      C:\meta\JIRA-567\VM_SINGL_CONCEPTS.csv
  File processing option string: "str '\r'"
  Bad File:     C:\meta\JIRA-567\VM_SINGL_CONCEPTS.bad
  Discard File: C:\meta\JIRA-567\VM_SINGL_CONCEPTS.dsc 
 (Allow all discards)

Number to load: ALL
Number to skip: 1
Errors allowed: 10000
Bind array:     64 rows, maximum of 256000 bytes
Continuation:    none specified
Path used:      Conventional

Table "SBREXT"."MDSR_CONDR_ID_CONCEPT_CODE", loaded from every logical record.
Insert option in effect for this table: INSERT
TRAILING NULLCOLS option in effect

   Column Name                  Position   Len  Term Encl Datatype
------------------------------ ---------- ----- ---- ---- ---------------------
CONDR_ID                            FIRST    60   ,  O(") CHARACTER            
CONCEPT_CODE                         NEXT   100   ,  O(") CHARACTER            

Record 831: Discarded - all columns null.

Table "SBREXT"."MDSR_CONDR_ID_CONCEPT_CODE":
  830 Rows successfully loaded.
  0 Rows not loaded due to data errors.
  0 Rows not loaded because all WHEN clauses were failed.
  1 Row not loaded because all fields were null.


Space allocated for bind array:                  10496 bytes(64 rows)
Read   buffer bytes: 1048576

Total logical records skipped:          1
Total logical records read:           831
Total logical records rejected:         0
Total logical records discarded:        1

Run began on Mon Sep 25 12:51:59 2017
Run ended on Mon Sep 25 12:51:59 2017

Elapsed time was:     00:00:00.31
CPU time was:         00:00:00.03
