
TABLE_NAME           Records in caDSR Records to be Migrated Records to be deleted
-------------------- ---------------- ---------------------- ---------------------
QUEST_ATTRIBUTES_EXT           330894                 330418                   476
VALID_VALUES_ATT_EXT          2091526                2089305                  2221

2 rows selected.

QUEST_CONTENTS_EXT        MODULES  QUESTIONS VALID VALUES
---------------------- ---------- ---------- ------------
Records in caDSR            62691     330925      2095290
Records to be Deleted          18        477         5492
Records to be Migrated      62673     330448      2089798

3 rows selected.

QUEST_CONTENTS_EXT     All Form Elements      FORMS    MODULES  QUESTIONS VALID VALUES FORM_INSTR INSTRUCTIONS     FOOTER MODULE_INSTR QUESTION_INSTR VALUE_INSTR
---------------------- ----------------- ---------- ---------- ---------- ------------ ---------- ------------ ---------- ------------ -------------- -----------
Records before cleanup           2686517      18892      62691     330925      2095290       7142          186       1430        20508         102249       47204
1 row selected.
Cleanup begins
 PL/SQL procedure successfully completed.
Cleanup VALID_VALUES_ATT_EXT
 PL/SQL procedure successfully completed.
2221 rows deleted.
Cleanup VALID_VALUES of QUEST_CONTENTS_EXT
 PL/SQL procedure successfully completed.
5492 rows deleted.
Cleanup QUEST_ATTRIBUTES_EXT
 PL/SQL procedure successfully completed.
476 rows deleted.
Cleanup QUESTIONS of QUEST_CONTENTS_EXT
 PL/SQL procedure successfully completed.
477 rows deleted.
Cleanup MODULES of QUEST_CONTENTS_EXT
 PL/SQL procedure successfully completed.
18 rows deleted.
Cleanup FORM_INSTR of QUEST_CONTENTS_EXT
 PL/SQL procedure successfully completed.
2 rows deleted.
Cleanup INSTRUCTIONS of QUEST_CONTENTS_EXT
 PL/SQL procedure successfully completed.
0 rows deleted.
Cleanup FOOTERS of QUEST_CONTENTS_EXT
 PL/SQL procedure successfully completed.
0 rows deleted.
Cleanup MODULE_INSTR of QUEST_CONTENTS_EXT
 PL/SQL procedure successfully completed.
230 rows deleted.
Cleanup QUESTION_INSTR of QUEST_CONTENTS_EXT
 PL/SQL procedure successfully completed.
1335 rows deleted.
Cleanup VALUE_INSTR of QUEST_CONTENTS_EXT
 PL/SQL procedure successfully completed.
483 rows deleted.

TABLE_NAME           Records in caDSR Records to be Migrated Records to be deleted
-------------------- ---------------- ---------------------- ---------------------
QUEST_ATTRIBUTES_EXT           330418                 330418                     0
VALID_VALUES_ATT_EXT          2089305                2089305                     0

2 rows selected.

QUEST_CONTENTS_EXT        MODULES  QUESTIONS VALID VALUES
---------------------- ---------- ---------- ------------
Records in caDSR            62673     330448      2089798
Records to be Deleted           0          0            0
Records to be Migrated      62673     330448      2089798

3 rows selected.

QUEST_CONTENTS        All Form Elements      FORMS    MODULES  QUESTIONS VALID VALUES FORM_INSTR INSTRUCTIONS     FOOTER MODULE_INSTR QUESTION_INSTR VALUE_INSTR
--------------------- ----------------- ---------- ---------- ---------- ------------ ---------- ------------ ---------- ------------ -------------- -----------
Records after cleanup           2678480      18892      62673     330448      2089798       7140          186       1430        20278         100914       46721
1 row selected.
Tables to be cleanup
 PL/SQL procedure successfully completed.

TABLE_NAME              Records in caDSR Records to be Migrated Records to be deleted
----------------------- ---------------- ---------------------- ---------------------
ADMINISTERED_COMPONENTS          2688135                2678480                  9655
PROTOCOL_QC_EXT                    16811                  16811                     0
QC_RECS_EXT                      2662969                2659587                  3382
QUEST_VV_EXT                      218296                 218296                     0
TA_PROTO_CSI_EXT                      24                     24                     0
TRIGGERED_ACTIONS_EXT                328                    328                     0

6 rows selected.
Cleanup begins
 PL/SQL procedure successfully completed.
Cleanup sbrext.PROTOCOL_QC_EXT
 PL/SQL procedure successfully completed.
0 rows deleted.
Cleanup sbrext.TA_PROTO_CSI_EXT
 PL/SQL procedure successfully completed.
0 rows deleted.
Cleanup sbrext.QC_RECS_EXT
 PL/SQL procedure successfully completed.
3382 rows deleted.
Cleanup sbrext.QUEST_VV_EXT
 PL/SQL procedure successfully completed.
0 rows deleted.
Temporary not cleaning sbrext.ADMINISTERED_COMPONENTS
 PL/SQL procedure successfully completed.
Cleanup sbrext.TRIGGERED_ACTIONS_EXT
 PL/SQL procedure successfully completed.
0 rows deleted.
Tables after cleanup
 PL/SQL procedure successfully completed.

TABLE_NAME              Records in caDSR Records to be Migrated Records to be deleted
----------------------- ---------------- ---------------------- ---------------------
ADMINISTERED_COMPONENTS          2688135                2678480                  9655
PROTOCOL_QC_EXT                    16811                  16811                     0
QC_RECS_EXT                      2659587                2659587                     0
QUEST_VV_EXT                      218296                 218296                     0
TA_PROTO_CSI_EXT                      24                     24                     0
TRIGGERED_ACTIONS_EXT                328                    328                     0

6 rows selected.
Rollback complete.
